Arguments: 
  /Users/humbertodiaz/.nvm/versions/node/v16.15.0/bin/node /Users/humbertodiaz/.nvm/versions/node/v16.15.0/bin/yarn build --watch

PATH: 
  /Users/humbertodiaz/.rbenv/versions/3.0.3/bin:/opt/homebrew/Cellar/rbenv/1.2.0/libexec:/Users/humbertodiaz/.rbenv/shims:/Users/humbertodiaz/.nvm/versions/node/v16.15.0/bin:/opt/homebrew/bin:/opt/homebrew/sbin:/usr/local/bin:/usr/bin:/bin:/usr/sbin:/sbin:/Users/humbertodiaz/.rbenv/shims:/Users/humbertodiaz/.nvm/versions/node/v16.15.0/bin:/opt/homebrew/bin:/opt/homebrew/sbin:/Applications/Visual Studio Code.app/Contents/Resources/app/bin:/Applications/Visual Studio Code.app/Contents/Resources/app/bin

Yarn version: 
  1.22.19

Node version: 
  16.15.0

Platform: 
  darwin arm64

Trace: 
  SyntaxError: /Users/humbertodiaz/Repos/high_protein_recipes/package.json: Unexpected token / in JSON at position 490
      at JSON.parse (<anonymous>)
      at /Users/humbertodiaz/.nvm/versions/node/v16.15.0/lib/node_modules/yarn/lib/cli.js:1629:59
      at Generator.next (<anonymous>)
      at step (/Users/humbertodiaz/.nvm/versions/node/v16.15.0/lib/node_modules/yarn/lib/cli.js:310:30)
      at /Users/humbertodiaz/.nvm/versions/node/v16.15.0/lib/node_modules/yarn/lib/cli.js:321:13

npm manifest: 
  {
    "name": "app",
    "private": "true",
    "dependencies": {
      "@hotwired/stimulus": "^3.2.2",
      "@hotwired/turbo-rails": "^7.2.4",
      "@rails/actiontext": "^7.0.7",
      "@tailwindcss/forms": "^0.5.4",
      "@tiptap/core": "^2.1.7",
      "@tiptap/pm": "^2.1.7",
      "@tiptap/starter-kit": "^2.1.7",
      "autoprefixer": "^10.4.14",
      "esbuild": "^0.19.1",
      "postcss": "^8.4.27",
      "stimulus-use": "^0.52.0",
      "tailwindcss": "^3.3.3",
      "trix": "^2.0.5"
    },
    "scripts": {
      // "build": "esbuild app/javascript/*.* --bundle --sourcemap --outdir=app/assets/builds --public-path=/assets",
      "build:css": "tailwindcss -i ./app/assets/stylesheets/application.tailwind.css -o ./app/assets/builds/application.css --minify"
    },
    "devDependencies": {
      "@tailwindcss/typography": "^0.5.9",
      "turbo": "^1.10.12"
    }
  }

yarn manifest: 
  No manifest

Lockfile: 
  # THIS IS AN AUTOGENERATED FILE. DO NOT EDIT THIS FILE DIRECTLY.
  # yarn lockfile v1
  
  
  "@alloc/quick-lru@^5.2.0":
    version "5.2.0"
    resolved "https://registry.npmjs.org/@alloc/quick-lru/-/quick-lru-5.2.0.tgz"
    integrity sha512-UrcABB+4bUrFABwbluTIBErXwvbsU/V7TZWfmbgJfbkwiBuziS9gxdODUyuiecfdGQ85jglMW6juS3+z5TsKLw==
  
  "@esbuild/android-arm64@0.19.1":
    version "0.19.1"
    resolved "https://registry.yarnpkg.com/@esbuild/android-arm64/-/android-arm64-0.19.1.tgz#3803e259bb50a82a820a5e339832d42ffba02ffa"
    integrity sha512-CqhrKvDSt76I0so/5afqgKrMv41FjbfUKFrcZddMnrZKqJU70I1MWLVJrImJuYMaY4Yb9rn4UKfF7oZ0BOleVw==
  
  "@esbuild/android-arm@0.19.1":
    version "0.19.1"
    resolved "https://registry.yarnpkg.com/@esbuild/android-arm/-/android-arm-0.19.1.tgz#131a3bf5681fb50e1e873b79fce8eae98043606b"
    integrity sha512-yjTucwcOua52z14RL30JMwmCdylsQ5WrErGkAb6VL0MWPbnwJyLejydaRcUqkPO6g0MowlzavdxrR7AcfCW+yA==
  
  "@esbuild/android-x64@0.19.1":
    version "0.19.1"
    resolved "https://registry.yarnpkg.com/@esbuild/android-x64/-/android-x64-0.19.1.tgz#d8b5aa54142c04d2fa8dfdd7781929cf50f0246a"
    integrity sha512-VA29h01MrPkymIL1bFtvL2L4WPogiMGW2N/M+vXZHHOv6LgA9vjzVskTt0v5LjeCjx1PFDcR0ASKy8Y7Gm+iIA==
  
  "@esbuild/darwin-arm64@0.19.1":
    version "0.19.1"
    resolved "https://registry.npmjs.org/@esbuild/darwin-arm64/-/darwin-arm64-0.19.1.tgz"
    integrity sha512-Be4Cf6WDH7QkLHEpfzQOlBOFdqmqYTSqw2yG3SVmzB3++wy3K7wiNGedezL+q6Jb4weqT9tchO5kkLDC08Jnzg==
  
  "@esbuild/darwin-x64@0.19.1":
    version "0.19.1"
    resolved "https://registry.yarnpkg.com/@esbuild/darwin-x64/-/darwin-x64-0.19.1.tgz#445017aec28152dd340464565a6796276adbd234"
    integrity sha512-SewtenJi6zCEfZRSUchb+LgJ/IQw8QvnKECPu/qHII1fLQKnVPUVR+VH2IuS03DD9WWnAi3yfOvBNwtrp3WXtg==
  
  "@esbuild/freebsd-arm64@0.19.1":
    version "0.19.1"
    resolved "https://registry.yarnpkg.com/@esbuild/freebsd-arm64/-/freebsd-arm64-0.19.1.tgz#61f70529c0aa2432e0a652b63f99ef1e1f83f7d6"
    integrity sha512-TadKO0AaTDAPV2RyGZQ0AaiDTVYg7RsgNaA6OJjXXmoLbTs++NwHtzAmVFBq8Q/P9A11wgkv36HeyAYhWHbW1w==
  
  "@esbuild/freebsd-x64@0.19.1":
    version "0.19.1"
    resolved "https://registry.yarnpkg.com/@esbuild/freebsd-x64/-/freebsd-x64-0.19.1.tgz#f7658f988c88d6b63777678b89fb8137a07a9df6"
    integrity sha512-DrFMGLF0/aAcZgwhtZr1cby7aHlalpFjLCe5CiI8mm0Kqhhc8gyNZKreaZzvir8CQe0H17p9xx6M9ben5R3r0g==
  
  "@esbuild/linux-arm64@0.19.1":
    version "0.19.1"
    resolved "https://registry.yarnpkg.com/@esbuild/linux-arm64/-/linux-arm64-0.19.1.tgz#4245701cda66bfaeaf886d3c065729c98499d7de"
    integrity sha512-6ku/R2EzsdjyBaqQn+xGOPbv+BBYBXQYzlA04/46YQLmXkdApi0GYyUwiCXYBxm578iyywzGmM0rep1/q8tuFQ==
  
  "@esbuild/linux-arm@0.19.1":
    version "0.19.1"
    resolved "https://registry.yarnpkg.com/@esbuild/linux-arm/-/linux-arm-0.19.1.tgz#16ab51f1928c5631cbd40b86997198691201fe4c"
    integrity sha512-lCWDVPpQO/Dt5MEqctKujgtUVmwQx7J2Q83EqX/9BejN7BIX4fGJ0QKMiIyy21PFh+/64ArN+Ovh1tzYkTt2wg==
  
  "@esbuild/linux-ia32@0.19.1":
    version "0.19.1"
    resolved "https://registry.yarnpkg.com/@esbuild/linux-ia32/-/linux-ia32-0.19.1.tgz#860b8c9e15259117c2adc3c510eac1fcf4b96e9a"
    integrity sha512-8AKFBk9v/zBDsADvK/0BWZUxkjEc0QDwO8rvbHJKqAZx6DF/VSeBxTRmqWeecrJmx+n3kemEwML9z0eD9IHweQ==
  
  "@esbuild/linux-loong64@0.19.1":
    version "0.19.1"
    resolved "https://registry.yarnpkg.com/@esbuild/linux-loong64/-/linux-loong64-0.19.1.tgz#09b4dc90479af7aa62babbdf451cbd1bdc0c76ad"
    integrity sha512-6mOS5CxTGD8qOymp2y4KoM4ir+/REgjdJQFYpwP+WqjrWBo+PUevDGeHHjzCdw/R19PkFqS1bRzv8cTCmB/5kA==
  
  "@esbuild/linux-mips64el@0.19.1":
    version "0.19.1"
    resolved "https://registry.yarnpkg.com/@esbuild/linux-mips64el/-/linux-mips64el-0.19.1.tgz#92b242fde2d7d9875d3aa249d57f3508f9058934"
    integrity sha512-Bzmv6rRMzR4ErG2k/jwfj5jKNzVMVEI1tThuirFdAoE+duUv+jlDnlwxsN3s1eqMzADTOV2sSIcUUOfgv++Dgg==
  
  "@esbuild/linux-ppc64@0.19.1":
    version "0.19.1"
    resolved "https://registry.yarnpkg.com/@esbuild/linux-ppc64/-/linux-ppc64-0.19.1.tgz#43d07d27dde2819ab6e0dd200174b9a7dd25cb1f"
    integrity sha512-mPOxA7bd3nmx8TkuO/9M/tE0fnvmuX0wlpwnTL6DPLgkb/Z/KkupexSIw4cLfznn/fPzD89y17VWBjlVNyrpCQ==
  
  "@esbuild/linux-riscv64@0.19.1":
    version "0.19.1"
    resolved "https://registry.yarnpkg.com/@esbuild/linux-riscv64/-/linux-riscv64-0.19.1.tgz#293e3027e996446d9d303d61605b5b0c14c238f9"
    integrity sha512-znYb2Mhe9xKIDeIYuTD6vCcUltvYzRT5Yq6sVcdhPrGu8DRdsNZS04B2tSeM+j7T03jL4yY+7/G/jxSJJ9LX2A==
  
  "@esbuild/linux-s390x@0.19.1":
    version "0.19.1"
    resolved "https://registry.yarnpkg.com/@esbuild/linux-s390x/-/linux-s390x-0.19.1.tgz#ac6876f7b0221237792001fd644ca6523a82d5a7"
    integrity sha512-BBIE32cyqAYhMOQ42/jnecoF5P/S5lMob2vXSUiFpD3xCFbXOFkjP1OjfFKnalSO9+B5emvPTQFfNQXuLeVGEw==
  
  "@esbuild/linux-x64@0.19.1":
    version "0.19.1"
    resolved "https://registry.yarnpkg.com/@esbuild/linux-x64/-/linux-x64-0.19.1.tgz#f2761e507bfb5a975ae89cb0b95b7c10fa283d8b"
    integrity sha512-PoCvKdHTIbnHmVJ5OEdewGMSw40HDFRTrC/imwh8vrp695RbSUpOqBqNBT45neK0FQleGFbSE/A9X6HlXPDhqA==
  
  "@esbuild/netbsd-x64@0.19.1":
    version "0.19.1"
    resolved "https://registry.yarnpkg.com/@esbuild/netbsd-x64/-/netbsd-x64-0.19.1.tgz#c1f948931b14b96cf958c783c7dbec0409782a0c"
    integrity sha512-4OrGMPorHCq9h52VLtyyyAmPjC2ZlANx54VDYyCrqXUOi+k0qxnPKXKKprVES67w2mE7TZJx9qZmT+jHeiZbHQ==
  
  "@esbuild/openbsd-x64@0.19.1":
    version "0.19.1"
    resolved "https://registry.yarnpkg.com/@esbuild/openbsd-x64/-/openbsd-x64-0.19.1.tgz#1d863e5c54a6a8a03e585ab3e3240863fc3a5e58"
    integrity sha512-3a7ZYMjBC4P3FKdTmUZHJw7Mhzp71m+iSFFhX1PnLZ03qmyaB2K+vJZCk4PjRjAvm5lSupJQQtM/AFMyLgKlxQ==
  
  "@esbuild/sunos-x64@0.19.1":
    version "0.19.1"
    resolved "https://registry.yarnpkg.com/@esbuild/sunos-x64/-/sunos-x64-0.19.1.tgz#ee66c195f07527eb098d72e3a298398513128f67"
    integrity sha512-29yWBN5XfEjXT8yoeVb8cXfN1jAQLB+uskog1vBMhFR+YWOYvsrwPnh4hspETC/JnF95J+iETrvxgOUlICTWIw==
  
  "@esbuild/win32-arm64@0.19.1":
    version "0.19.1"
    resolved "https://registry.yarnpkg.com/@esbuild/win32-arm64/-/win32-arm64-0.19.1.tgz#810ac7fcc15e4c0b606acdb39cd5cf342ba16dd7"
    integrity sha512-9Hb/WUXgyXlL55w3iNVyLkN9gq9x+agv3kk80foWbfpOwe7Qw4Vx6JGB+XQdsIfvvP1kShVQPIvBgVj0TxLlVw==
  
  "@esbuild/win32-ia32@0.19.1":
    version "0.19.1"
    resolved "https://registry.yarnpkg.com/@esbuild/win32-ia32/-/win32-ia32-0.19.1.tgz#c8ae19f2f87d9a6dd4b6c1a490d2c2c010ed315b"
    integrity sha512-VGdtEcXX/f01NgoM8emDnpdOyrZCQ7VTwLv89MOl3mvJ5fbCOBMNCa8t7RZS4lf12RS87qOuJFX7Bh9aLTbSxg==
  
  "@esbuild/win32-x64@0.19.1":
    version "0.19.1"
    resolved "https://registry.yarnpkg.com/@esbuild/win32-x64/-/win32-x64-0.19.1.tgz#8689ddff5792349df358d38d239a73ce58f274ab"
    integrity sha512-H6u8OHmJkKJubLbukVOyi9yA5lzK8VE4TFEkZj2vgusTUPvFeMQ8YnWviVc9F6PuKS6ZIpOvi2/sfiW8tQZQ2g==
  
  "@hotwired/stimulus@^3.2.2":
    version "3.2.2"
    resolved "https://registry.npmjs.org/@hotwired/stimulus/-/stimulus-3.2.2.tgz"
    integrity sha512-eGeIqNOQpXoPAIP7tC1+1Yc1yl1xnwYqg+3mzqxyrbE5pg5YFBZcA6YoTiByJB6DKAEsiWtl6tjTJS4IYtbB7A==
  
  "@hotwired/turbo-rails@^7.2.4":
    version "7.3.0"
    resolved "https://registry.npmjs.org/@hotwired/turbo-rails/-/turbo-rails-7.3.0.tgz"
    integrity sha512-fvhO64vp/a2UVQ3jue9WTc2JisMv9XilIC7ViZmXAREVwiQ2S4UC7Go8f9A1j4Xu7DBI6SbFdqILk5ImqVoqyA==
    dependencies:
      "@hotwired/turbo" "^7.3.0"
      "@rails/actioncable" "^7.0"
  
  "@hotwired/turbo@^7.3.0":
    version "7.3.0"
    resolved "https://registry.npmjs.org/@hotwired/turbo/-/turbo-7.3.0.tgz"
    integrity sha512-Dcu+NaSvHLT7EjrDrkEmH4qET2ZJZ5IcCWmNXxNQTBwlnE5tBZfN6WxZ842n5cHV52DH/AKNirbPBtcEXDLW4g==
  
  "@jridgewell/gen-mapping@^0.3.2":
    version "0.3.3"
    resolved "https://registry.npmjs.org/@jridgewell/gen-mapping/-/gen-mapping-0.3.3.tgz"
    integrity sha512-HLhSWOLRi875zjjMG/r+Nv0oCW8umGb0BgEhyX3dDX3egwZtB8PqLnjz3yedt8R5StBrzcg4aBpnh8UA9D1BoQ==
    dependencies:
      "@jridgewell/set-array" "^1.0.1"
      "@jridgewell/sourcemap-codec" "^1.4.10"
      "@jridgewell/trace-mapping" "^0.3.9"
  
  "@jridgewell/resolve-uri@^3.1.0":
    version "3.1.1"
    resolved "https://registry.npmjs.org/@jridgewell/resolve-uri/-/resolve-uri-3.1.1.tgz"
    integrity sha512-dSYZh7HhCDtCKm4QakX0xFpsRDqjjtZf/kjI/v3T3Nwt5r8/qz/M19F9ySyOqU94SXBmeG9ttTul+YnR4LOxFA==
  
  "@jridgewell/set-array@^1.0.1":
    version "1.1.2"
    resolved "https://registry.npmjs.org/@jridgewell/set-array/-/set-array-1.1.2.tgz"
    integrity sha512-xnkseuNADM0gt2bs+BvhO0p78Mk762YnZdsuzFV018NoG1Sj1SCQvpSqa7XUaTam5vAGasABV9qXASMKnFMwMw==
  
  "@jridgewell/sourcemap-codec@^1.4.10", "@jridgewell/sourcemap-codec@^1.4.14":
    version "1.4.15"
    resolved "https://registry.npmjs.org/@jridgewell/sourcemap-codec/-/sourcemap-codec-1.4.15.tgz"
    integrity sha512-eF2rxCRulEKXHTRiDrDy6erMYWqNw4LPdQ8UQA4huuxaQsVeRPFl2oM8oDGxMFhJUWZf9McpLtJasDDZb/Bpeg==
  
  "@jridgewell/trace-mapping@^0.3.9":
    version "0.3.19"
    resolved "https://registry.npmjs.org/@jridgewell/trace-mapping/-/trace-mapping-0.3.19.tgz"
    integrity sha512-kf37QtfW+Hwx/buWGMPcR60iF9ziHa6r/CZJIHbmcm4+0qrXiVdxegAH0F6yddEVQ7zdkjcGCgCzUu+BcbhQxw==
    dependencies:
      "@jridgewell/resolve-uri" "^3.1.0"
      "@jridgewell/sourcemap-codec" "^1.4.14"
  
  "@nodelib/fs.scandir@2.1.5":
    version "2.1.5"
    resolved "https://registry.npmjs.org/@nodelib/fs.scandir/-/fs.scandir-2.1.5.tgz"
    integrity sha512-vq24Bq3ym5HEQm2NKCr3yXDwjc7vTsEThRDnkp2DK9p1uqLR+DHurm/NOTo0KG7HYHU7eppKZj3MyqYuMBf62g==
    dependencies:
      "@nodelib/fs.stat" "2.0.5"
      run-parallel "^1.1.9"
  
  "@nodelib/fs.stat@2.0.5", "@nodelib/fs.stat@^2.0.2":
    version "2.0.5"
    resolved "https://registry.npmjs.org/@nodelib/fs.stat/-/fs.stat-2.0.5.tgz"
    integrity sha512-RkhPPp2zrqDAQA/2jNhnztcPAlv64XdhIp7a7454A5ovI7Bukxgt7MX7udwAu3zg1DcpPU0rz3VV1SeaqvY4+A==
  
  "@nodelib/fs.walk@^1.2.3":
    version "1.2.8"
    resolved "https://registry.npmjs.org/@nodelib/fs.walk/-/fs.walk-1.2.8.tgz"
    integrity sha512-oGB+UxlgWcgQkgwo8GcEGwemoTFt3FIO9ababBmaGwXIoBKZ+GTy0pP185beGg7Llih/NSHSV2XAs1lnznocSg==
    dependencies:
      "@nodelib/fs.scandir" "2.1.5"
      fastq "^1.6.0"
  
  "@rails/actioncable@^7.0":
    version "7.0.7"
    resolved "https://registry.npmjs.org/@rails/actioncable/-/actioncable-7.0.7.tgz"
    integrity sha512-NqHf4XDkeVaNk/r+TBo2aAMkjPyRPEfZkSqCTijfWukW1zTZ2XLDfvFzbpRCuWZ6gxItgoa/FkILZm27HRh2yg==
  
  "@rails/actiontext@^7.0.7":
    version "7.0.7"
    resolved "https://registry.npmjs.org/@rails/actiontext/-/actiontext-7.0.7.tgz"
    integrity sha512-2huBCSCdROtu3ouu/anTBEs+hvXKQYZ+gGpE3/DCx9Dg/xWRAI3doEHfF7A8uJhokQZrc0ZDOS8zhwwuh1dNzg==
    dependencies:
      "@rails/activestorage" ">= 7.0.0-alpha1"
  
  "@rails/activestorage@>= 7.0.0-alpha1":
    version "7.0.7"
    resolved "https://registry.npmjs.org/@rails/activestorage/-/activestorage-7.0.7.tgz"
    integrity sha512-EoiGMWUmRzYQhOQ1ifTFHuYNdOHP3f0YOhrKsFlshrV8vzkRkip1Ks3BMzW98cYOw7v6PUPmEeBxgb4jY2U2+g==
    dependencies:
      spark-md5 "^3.0.1"
  
  "@remirror/core-constants@^2.0.2":
    version "2.0.2"
    resolved "https://registry.npmjs.org/@remirror/core-constants/-/core-constants-2.0.2.tgz"
    integrity sha512-dyHY+sMF0ihPus3O27ODd4+agdHMEmuRdyiZJ2CCWjPV5UFmn17ZbElvk6WOGVE4rdCJKZQCrPV2BcikOMLUGQ==
  
  "@remirror/core-helpers@^3.0.0":
    version "3.0.0"
    resolved "https://registry.npmjs.org/@remirror/core-helpers/-/core-helpers-3.0.0.tgz"
    integrity sha512-tusEgQJIqg4qKj6HSBUFcyRnWnziw3neh4T9wOmsPGHFC3w9kl5KSrDb9UAgE8uX6y32FnS7vJ955mWOl3n50A==
    dependencies:
      "@remirror/core-constants" "^2.0.2"
      "@remirror/types" "^1.0.1"
      "@types/object.omit" "^3.0.0"
      "@types/object.pick" "^1.3.2"
      "@types/throttle-debounce" "^2.1.0"
      case-anything "^2.1.13"
      dash-get "^1.0.2"
      deepmerge "^4.3.1"
      fast-deep-equal "^3.1.3"
      make-error "^1.3.6"
      object.omit "^3.0.0"
      object.pick "^1.3.0"
      throttle-debounce "^3.0.1"
  
  "@remirror/types@^1.0.1":
    version "1.0.1"
    resolved "https://registry.npmjs.org/@remirror/types/-/types-1.0.1.tgz"
    integrity sha512-VlZQxwGnt1jtQ18D6JqdIF+uFZo525WEqrfp9BOc3COPpK4+AWCgdnAWL+ho6imWcoINlGjR/+3b6y5C1vBVEA==
    dependencies:
      type-fest "^2.19.0"
  
  "@tailwindcss/forms@^0.5.4":
    version "0.5.5"
    resolved "https://registry.npmjs.org/@tailwindcss/forms/-/forms-0.5.5.tgz"
    integrity sha512-03sXK1DcPt44GZ0Yg6AcAfQln89IKdbE79g2OwoKqBm1ukaadLO2AH3EiB3mXHeQnxa3tzm7eE0x7INXSjbuug==
    dependencies:
      mini-svg-data-uri "^1.2.3"
  
  "@tailwindcss/typography@^0.5.9":
    version "0.5.9"
    resolved "https://registry.npmjs.org/@tailwindcss/typography/-/typography-0.5.9.tgz"
    integrity sha512-t8Sg3DyynFysV9f4JDOVISGsjazNb48AeIYQwcL+Bsq5uf4RYL75C1giZ43KISjeDGBaTN3Kxh7Xj/vRSMJUUg==
    dependencies:
      lodash.castarray "^4.4.0"
      lodash.isplainobject "^4.0.6"
      lodash.merge "^4.6.2"
      postcss-selector-parser "6.0.10"
  
  "@tiptap/core@^2.1.12", "@tiptap/core@^2.1.7":
    version "2.1.12"
    resolved "https://registry.npmjs.org/@tiptap/core/-/core-2.1.12.tgz"
    integrity sha512-ZGc3xrBJA9KY8kln5AYTj8y+GDrKxi7u95xIl2eccrqTY5CQeRu6HRNM1yT4mAjuSaG9jmazyjGRlQuhyxCKxQ==
  
  "@tiptap/extension-blockquote@^2.1.12":
    version "2.1.12"
    resolved "https://registry.npmjs.org/@tiptap/extension-blockquote/-/extension-blockquote-2.1.12.tgz"
    integrity sha512-Qb3YRlCfugx9pw7VgLTb+jY37OY4aBJeZnqHzx4QThSm13edNYjasokbX0nTwL1Up4NPTcY19JUeHt6fVaVVGg==
  
  "@tiptap/extension-bold@^2.1.12":
    version "2.1.12"
    resolved "https://registry.npmjs.org/@tiptap/extension-bold/-/extension-bold-2.1.12.tgz"
    integrity sha512-AZGxIxcGU1/y6V2YEbKsq6BAibL8yQrbRm6EdcBnby41vj1WziewEKswhLGmZx5IKM2r2ldxld03KlfSIlKQZg==
  
  "@tiptap/extension-bullet-list@^2.1.12":
    version "2.1.12"
    resolved "https://registry.npmjs.org/@tiptap/extension-bullet-list/-/extension-bullet-list-2.1.12.tgz"
    integrity sha512-vtD8vWtNlmAZX8LYqt2yU9w3mU9rPCiHmbp4hDXJs2kBnI0Ju/qAyXFx6iJ3C3XyuMnMbJdDI9ee0spAvFz7cQ==
  
  "@tiptap/extension-code-block@^2.1.12":
    version "2.1.12"
    resolved "https://registry.npmjs.org/@tiptap/extension-code-block/-/extension-code-block-2.1.12.tgz"
    integrity sha512-RXtSYCVsnk8D+K80uNZShClfZjvv1EgO42JlXLVGWQdIgaNyuOv/6I/Jdf+ZzhnpsBnHufW+6TJjwP5vJPSPHA==
  
  "@tiptap/extension-code@^2.1.12":
    version "2.1.12"
    resolved "https://registry.npmjs.org/@tiptap/extension-code/-/extension-code-2.1.12.tgz"
    integrity sha512-CRiRq5OTC1lFgSx6IMrECqmtb93a0ZZKujEnaRhzWliPBjLIi66va05f/P1vnV6/tHaC3yfXys6dxB5A4J8jxw==
  
  "@tiptap/extension-document@^2.1.12":
    version "2.1.12"
    resolved "https://registry.npmjs.org/@tiptap/extension-document/-/extension-document-2.1.12.tgz"
    integrity sha512-0QNfAkCcFlB9O8cUNSwTSIQMV9TmoEhfEaLz/GvbjwEq4skXK3bU+OQX7Ih07waCDVXIGAZ7YAZogbvrn/WbOw==
  
  "@tiptap/extension-dropcursor@^2.1.12":
    version "2.1.12"
    resolved "https://registry.npmjs.org/@tiptap/extension-dropcursor/-/extension-dropcursor-2.1.12.tgz"
    integrity sha512-0tT/q8nL4NBCYPxr9T0Brck+RQbWuczm9nV0bnxgt0IiQXoRHutfPWdS7GA65PTuVRBS/3LOco30fbjFhkfz/A==
  
  "@tiptap/extension-gapcursor@^2.1.12":
    version "2.1.12"
    resolved "https://registry.npmjs.org/@tiptap/extension-gapcursor/-/extension-gapcursor-2.1.12.tgz"
    integrity sha512-zFYdZCqPgpwoB7whyuwpc8EYLYjUE5QYKb8vICvc+FraBUDM51ujYhFSgJC3rhs8EjI+8GcK8ShLbSMIn49YOQ==
  
  "@tiptap/extension-hard-break@^2.1.12":
    version "2.1.12"
    resolved "https://registry.npmjs.org/@tiptap/extension-hard-break/-/extension-hard-break-2.1.12.tgz"
    integrity sha512-nqKcAYGEOafg9D+2cy1E4gHNGuL12LerVa0eS2SQOb+PT8vSel9OTKU1RyZldsWSQJ5rq/w4uIjmLnrSR2w6Yw==
  
  "@tiptap/extension-heading@^2.1.12":
    version "2.1.12"
    resolved "https://registry.npmjs.org/@tiptap/extension-heading/-/extension-heading-2.1.12.tgz"
    integrity sha512-MoANP3POAP68Ko9YXarfDKLM/kXtscgp6m+xRagPAghRNujVY88nK1qBMZ3JdvTVN6b/ATJhp8UdrZX96TLV2w==
  
  "@tiptap/extension-history@^2.1.12":
    version "2.1.12"
    resolved "https://registry.npmjs.org/@tiptap/extension-history/-/extension-history-2.1.12.tgz"
    integrity sha512-6b7UFVkvPjq3LVoCTrYZAczt5sQrQUaoDWAieVClVZoFLfjga2Fwjcfgcie8IjdPt8YO2hG/sar/c07i9vM0Sg==
  
  "@tiptap/extension-horizontal-rule@^2.1.12":
    version "2.1.12"
    resolved "https://registry.npmjs.org/@tiptap/extension-horizontal-rule/-/extension-horizontal-rule-2.1.12.tgz"
    integrity sha512-RRuoK4KxrXRrZNAjJW5rpaxjiP0FJIaqpi7nFbAua2oHXgsCsG8qbW2Y0WkbIoS8AJsvLZ3fNGsQ8gpdliuq3A==
  
  "@tiptap/extension-italic@^2.1.12":
    version "2.1.12"
    resolved "https://registry.npmjs.org/@tiptap/extension-italic/-/extension-italic-2.1.12.tgz"
    integrity sha512-/XYrW4ZEWyqDvnXVKbgTXItpJOp2ycswk+fJ3vuexyolO6NSs0UuYC6X4f+FbHYL5VuWqVBv7EavGa+tB6sl3A==
  
  "@tiptap/extension-list-item@^2.1.12":
    version "2.1.12"
    resolved "https://registry.npmjs.org/@tiptap/extension-list-item/-/extension-list-item-2.1.12.tgz"
    integrity sha512-Gk7hBFofAPmNQ8+uw8w5QSsZOMEGf7KQXJnx5B022YAUJTYYxO3jYVuzp34Drk9p+zNNIcXD4kc7ff5+nFOTrg==
  
  "@tiptap/extension-ordered-list@^2.1.12":
    version "2.1.12"
    resolved "https://registry.npmjs.org/@tiptap/extension-ordered-list/-/extension-ordered-list-2.1.12.tgz"
    integrity sha512-tF6VGl+D2avCgn9U/2YLJ8qVmV6sPE/iEzVAFZuOSe6L0Pj7SQw4K6AO640QBob/d8VrqqJFHCb6l10amJOnXA==
  
  "@tiptap/extension-paragraph@^2.1.12":
    version "2.1.12"
    resolved "https://registry.npmjs.org/@tiptap/extension-paragraph/-/extension-paragraph-2.1.12.tgz"
    integrity sha512-hoH/uWPX+KKnNAZagudlsrr4Xu57nusGekkJWBcrb5MCDE91BS+DN2xifuhwXiTHxnwOMVFjluc0bPzQbkArsw==
  
  "@tiptap/extension-strike@^2.1.12":
    version "2.1.12"
    resolved "https://registry.npmjs.org/@tiptap/extension-strike/-/extension-strike-2.1.12.tgz"
    integrity sha512-HlhrzIjYUT8oCH9nYzEL2QTTn8d1ECnVhKvzAe6x41xk31PjLMHTUy8aYjeQEkWZOWZ34tiTmslV1ce6R3Dt8g==
  
  "@tiptap/extension-text@^2.1.12":
    version "2.1.12"
    resolved "https://registry.npmjs.org/@tiptap/extension-text/-/extension-text-2.1.12.tgz"
    integrity sha512-rCNUd505p/PXwU9Jgxo4ZJv4A3cIBAyAqlx/dtcY6cjztCQuXJhuQILPhjGhBTOLEEL4kW2wQtqzCmb7O8i2jg==
  
  "@tiptap/pm@^2.1.7":
    version "2.1.12"
    resolved "https://registry.npmjs.org/@tiptap/pm/-/pm-2.1.12.tgz"
    integrity sha512-Q3MXXQABG4CZBesSp82yV84uhJh/W0Gag6KPm2HRWPimSFELM09Z9/5WK9RItAYE0aLhe4Krnyiczn9AAa1tQQ==
    dependencies:
      prosemirror-changeset "^2.2.0"
      prosemirror-collab "^1.3.0"
      prosemirror-commands "^1.3.1"
      prosemirror-dropcursor "^1.5.0"
      prosemirror-gapcursor "^1.3.1"
      prosemirror-history "^1.3.0"
      prosemirror-inputrules "^1.2.0"
      prosemirror-keymap "^1.2.0"
      prosemirror-markdown "^1.10.1"
      prosemirror-menu "^1.2.1"
      prosemirror-model "^1.18.1"
      prosemirror-schema-basic "^1.2.0"
      prosemirror-schema-list "^1.2.2"
      prosemirror-state "^1.4.1"
      prosemirror-tables "^1.3.0"
      prosemirror-trailing-node "^2.0.2"
      prosemirror-transform "^1.7.0"
      prosemirror-view "^1.28.2"
  
  "@tiptap/starter-kit@^2.1.7":
    version "2.1.12"
    resolved "https://registry.npmjs.org/@tiptap/starter-kit/-/starter-kit-2.1.12.tgz"
    integrity sha512-+RoP1rWV7rSCit2+3wl2bjvSRiePRJE/7YNKbvH8Faz/+AMO23AFegHoUFynR7U0ouGgYDljGkkj35e0asbSDA==
    dependencies:
      "@tiptap/core" "^2.1.12"
      "@tiptap/extension-blockquote" "^2.1.12"
      "@tiptap/extension-bold" "^2.1.12"
      "@tiptap/extension-bullet-list" "^2.1.12"
      "@tiptap/extension-code" "^2.1.12"
      "@tiptap/extension-code-block" "^2.1.12"
      "@tiptap/extension-document" "^2.1.12"
      "@tiptap/extension-dropcursor" "^2.1.12"
      "@tiptap/extension-gapcursor" "^2.1.12"
      "@tiptap/extension-hard-break" "^2.1.12"
      "@tiptap/extension-heading" "^2.1.12"
      "@tiptap/extension-history" "^2.1.12"
      "@tiptap/extension-horizontal-rule" "^2.1.12"
      "@tiptap/extension-italic" "^2.1.12"
      "@tiptap/extension-list-item" "^2.1.12"
      "@tiptap/extension-ordered-list" "^2.1.12"
      "@tiptap/extension-paragraph" "^2.1.12"
      "@tiptap/extension-strike" "^2.1.12"
      "@tiptap/extension-text" "^2.1.12"
  
  "@types/object.omit@^3.0.0":
    version "3.0.2"
    resolved "https://registry.npmjs.org/@types/object.omit/-/object.omit-3.0.2.tgz"
    integrity sha512-BxWU36cMP+FKD3OLFluQaj2cBev2sx2LJaHELuphHwnleq+xnEhTmuYYYx4pOT/1U/ZoR6B+RdvxWh2FD6lGGA==
  
  "@types/object.pick@^1.3.2":
    version "1.3.3"
    resolved "https://registry.npmjs.org/@types/object.pick/-/object.pick-1.3.3.tgz"
    integrity sha512-qZqHmdGEALeSATMB1djT1S5szv6Wtpb7DKpHrt2XG4iyKlV7C2Xk8GmDXr1KXakOqUfX6ohw7ceruYt4NVmB1Q==
  
  "@types/throttle-debounce@^2.1.0":
    version "2.1.0"
    resolved "https://registry.npmjs.org/@types/throttle-debounce/-/throttle-debounce-2.1.0.tgz"
    integrity sha512-5eQEtSCoESnh2FsiLTxE121IiE60hnMqcb435fShf4bpLRjEu1Eoekht23y6zXS9Ts3l+Szu3TARnTsA0GkOkQ==
  
  any-promise@^1.0.0:
    version "1.3.0"
    resolved "https://registry.npmjs.org/any-promise/-/any-promise-1.3.0.tgz"
    integrity sha512-7UvmKalWRt1wgjL1RrGxoSJW/0QZFIegpeGvZG9kjp8vrRu55XTHbwnqq2GpXm9uLbcuhxm3IqX9OB4MZR1b2A==
  
  anymatch@~3.1.2:
    version "3.1.3"
    resolved "https://registry.npmjs.org/anymatch/-/anymatch-3.1.3.tgz"
    integrity sha512-KMReFUr0B4t+D+OBkjR3KYqvocp2XaSzO55UcB6mgQMd3KbcE+mWTyvVV7D/zsdEbNnV6acZUutkiHQXvTr1Rw==
    dependencies:
      normalize-path "^3.0.0"
      picomatch "^2.0.4"
  
  arg@^5.0.2:
    version "5.0.2"
    resolved "https://registry.npmjs.org/arg/-/arg-5.0.2.tgz"
    integrity sha512-PYjyFOLKQ9y57JvQ6QLo8dAgNqswh8M1RMJYdQduT6xbWSgK36P/Z/v+p888pM69jMMfS8Xd8F6I1kQ/I9HUGg==
  
  argparse@^2.0.1:
    version "2.0.1"
    resolved "https://registry.npmjs.org/argparse/-/argparse-2.0.1.tgz"
    integrity sha512-8+9WqebbFzpX9OR+Wa6O29asIogeRMzcGtAINdpMHHyAg10f05aSFVBbcEqGf/PXw1EjAZ+q2/bEBg3DvurK3Q==
  
  autoprefixer@^10.4.14:
    version "10.4.14"
    resolved "https://registry.npmjs.org/autoprefixer/-/autoprefixer-10.4.14.tgz"
    integrity sha512-FQzyfOsTlwVzjHxKEqRIAdJx9niO6VCBCoEwax/VLSoQF29ggECcPuBqUMZ+u8jCZOPSy8b8/8KnuFbp0SaFZQ==
    dependencies:
      browserslist "^4.21.5"
      caniuse-lite "^1.0.30001464"
      fraction.js "^4.2.0"
      normalize-range "^0.1.2"
      picocolors "^1.0.0"
      postcss-value-parser "^4.2.0"
  
  balanced-match@^1.0.0:
    version "1.0.2"
    resolved "https://registry.npmjs.org/balanced-match/-/balanced-match-1.0.2.tgz"
    integrity sha512-3oSeUO0TMV67hN1AmbXsK4yaqU7tjiHlbxRDZOpH0KW9+CeX4bRAaX0Anxt0tx2MrpRpWwQaPwIlISEJhYU5Pw==
  
  binary-extensions@^2.0.0:
    version "2.2.0"
    resolved "https://registry.npmjs.org/binary-extensions/-/binary-extensions-2.2.0.tgz"
    integrity sha512-jDctJ/IVQbZoJykoeHbhXpOlNBqGNcwXJKJog42E5HDPUwQTSdjCHdihjj0DlnheQ7blbT6dHOafNAiS8ooQKA==
  
  brace-expansion@^1.1.7:
    version "1.1.11"
    resolved "https://registry.npmjs.org/brace-expansion/-/brace-expansion-1.1.11.tgz"
    integrity sha512-iCuPHDFgrHX7H2vEI/5xpz07zSHB00TpugqhmYtVmMO6518mCuRMoOYFldEBl0g187ufozdaHgWKcYFb61qGiA==
    dependencies:
      balanced-match "^1.0.0"
      concat-map "0.0.1"
  
  braces@^3.0.2, braces@~3.0.2:
    version "3.0.2"
    resolved "https://registry.npmjs.org/braces/-/braces-3.0.2.tgz"
    integrity sha512-b8um+L1RzM3WDSzvhm6gIz1yfTbBt6YTlcEKAvsmqCZZFw46z626lVj9j1yEPW33H5H+lBQpZMP1k8l+78Ha0A==
    dependencies:
      fill-range "^7.0.1"
  
  browserslist@^4.21.5:
    version "4.21.10"
    resolved "https://registry.npmjs.org/browserslist/-/browserslist-4.21.10.tgz"
    integrity sha512-bipEBdZfVH5/pwrvqc+Ub0kUPVfGUhlKxbvfD+z1BDnPEO/X98ruXGA1WP5ASpAFKan7Qr6j736IacbZQuAlKQ==
    dependencies:
      caniuse-lite "^1.0.30001517"
      electron-to-chromium "^1.4.477"
      node-releases "^2.0.13"
      update-browserslist-db "^1.0.11"
  
  camelcase-css@^2.0.1:
    version "2.0.1"
    resolved "https://registry.npmjs.org/camelcase-css/-/camelcase-css-2.0.1.tgz"
    integrity sha512-QOSvevhslijgYwRx6Rv7zKdMF8lbRmx+uQGx2+vDc+KI/eBnsy9kit5aj23AgGu3pa4t9AgwbnXWqS+iOY+2aA==
  
  caniuse-lite@^1.0.30001464, caniuse-lite@^1.0.30001517:
    version "1.0.30001551"
    resolved "https://registry.npmjs.org/caniuse-lite/-/caniuse-lite-1.0.30001551.tgz"
    integrity sha512-vtBAez47BoGMMzlbYhfXrMV1kvRF2WP/lqiMuDu1Sb4EE4LKEgjopFDSRtZfdVnslNRpOqV/woE+Xgrwj6VQlg==
  
  case-anything@^2.1.13:
    version "2.1.13"
    resolved "https://registry.npmjs.org/case-anything/-/case-anything-2.1.13.tgz"
    integrity sha512-zlOQ80VrQ2Ue+ymH5OuM/DlDq64mEm+B9UTdHULv5osUMD6HalNTblf2b1u/m6QecjsnOkBpqVZ+XPwIVsy7Ng==
  
  chokidar@^3.5.3:
    version "3.5.3"
    resolved "https://registry.npmjs.org/chokidar/-/chokidar-3.5.3.tgz"
    integrity sha512-Dr3sfKRP6oTcjf2JmUmFJfeVMvXBdegxB0iVQ5eb2V10uFJUCAS8OByZdVAyVb8xXNz3GjjTgj9kLWsZTqE6kw==
    dependencies:
      anymatch "~3.1.2"
      braces "~3.0.2"
      glob-parent "~5.1.2"
      is-binary-path "~2.1.0"
      is-glob "~4.0.1"
      normalize-path "~3.0.0"
      readdirp "~3.6.0"
    optionalDependencies:
      fsevents "~2.3.2"
  
  commander@^4.0.0:
    version "4.1.1"
    resolved "https://registry.npmjs.org/commander/-/commander-4.1.1.tgz"
    integrity sha512-NOKm8xhkzAjzFx8B2v5OAHT+u5pRQc2UCa2Vq9jYL/31o2wi9mxBA7LIFs3sV5VSC49z6pEhfbMULvShKj26WA==
  
  concat-map@0.0.1:
    version "0.0.1"
    resolved "https://registry.npmjs.org/concat-map/-/concat-map-0.0.1.tgz"
    integrity sha512-/Srv4dswyQNBfohGpz9o6Yb3Gz3SrUDqBH5rTuhGR7ahtlbYKnVxw2bCFMRljaA7EXHaXZ8wsHdodFvbkhKmqg==
  
  crelt@^1.0.0:
    version "1.0.6"
    resolved "https://registry.npmjs.org/crelt/-/crelt-1.0.6.tgz"
    integrity sha512-VQ2MBenTq1fWZUH9DJNGti7kKv6EeAuYr3cLwxUWhIu1baTaXh4Ib5W2CqHVqib4/MqbYGJqiL3Zb8GJZr3l4g==
  
  cssesc@^3.0.0:
    version "3.0.0"
    resolved "https://registry.npmjs.org/cssesc/-/cssesc-3.0.0.tgz"
    integrity sha512-/Tb/JcjK111nNScGob5MNtsntNM1aCNUDipB/TkwZFhyDrrE47SOx/18wF2bbjgc3ZzCSKW1T5nt5EbFoAz/Vg==
  
  dash-get@^1.0.2:
    version "1.0.2"
    resolved "https://registry.npmjs.org/dash-get/-/dash-get-1.0.2.tgz"
    integrity sha512-4FbVrHDwfOASx7uQVxeiCTo7ggSdYZbqs8lH+WU6ViypPlDbe9y6IP5VVUDQBv9DcnyaiPT5XT0UWHgJ64zLeQ==
  
  deepmerge@^4.3.1:
    version "4.3.1"
    resolved "https://registry.npmjs.org/deepmerge/-/deepmerge-4.3.1.tgz"
    integrity sha512-3sUqbMEc77XqpdNO7FRyRog+eW3ph+GYCbj+rK+uYyRMuwsVy0rMiVtPn+QJlKFvWP/1PYpapqYn0Me2knFn+A==
  
  didyoumean@^1.2.2:
    version "1.2.2"
    resolved "https://registry.npmjs.org/didyoumean/-/didyoumean-1.2.2.tgz"
    integrity sha512-gxtyfqMg7GKyhQmb056K7M3xszy/myH8w+B4RT+QXBQsvAOdc3XymqDDPHx1BgPgsdAA5SIifona89YtRATDzw==
  
  dlv@^1.1.3:
    version "1.1.3"
    resolved "https://registry.npmjs.org/dlv/-/dlv-1.1.3.tgz"
    integrity sha512-+HlytyjlPKnIG8XuRG8WvmBP8xs8P71y+SKKS6ZXWoEgLuePxtDoUEiH7WkdePWrQ5JBpE6aoVqfZfJUQkjXwA==
  
  electron-to-chromium@^1.4.477:
    version "1.4.490"
    resolved "https://registry.npmjs.org/electron-to-chromium/-/electron-to-chromium-1.4.490.tgz"
    integrity sha512-6s7NVJz+sATdYnIwhdshx/N/9O6rvMxmhVoDSDFdj6iA45gHR8EQje70+RYsF4GeB+k0IeNSBnP7yG9ZXJFr7A==
  
  entities@~3.0.1:
    version "3.0.1"
    resolved "https://registry.npmjs.org/entities/-/entities-3.0.1.tgz"
    integrity sha512-WiyBqoomrwMdFG1e0kqvASYfnlb0lp8M5o5Fw2OFq1hNZxxcNk8Ik0Xm7LxzBhuidnZB/UtBqVCgUz3kBOP51Q==
  
  esbuild@^0.19.1:
    version "0.19.1"
    resolved "https://registry.npmjs.org/esbuild/-/esbuild-0.19.1.tgz"
    integrity sha512-IknHHwV4B/H4imOAu+416fuCvPfRjdncoyGi7eunhSvHuHkdNs50sLWan2LEG2Mym07TuW6gJUIyRS9G1miHEg==
    optionalDependencies:
      "@esbuild/android-arm" "0.19.1"
      "@esbuild/android-arm64" "0.19.1"
      "@esbuild/android-x64" "0.19.1"
      "@esbuild/darwin-arm64" "0.19.1"
      "@esbuild/darwin-x64" "0.19.1"
      "@esbuild/freebsd-arm64" "0.19.1"
      "@esbuild/freebsd-x64" "0.19.1"
      "@esbuild/linux-arm" "0.19.1"
      "@esbuild/linux-arm64" "0.19.1"
      "@esbuild/linux-ia32" "0.19.1"
      "@esbuild/linux-loong64" "0.19.1"
      "@esbuild/linux-mips64el" "0.19.1"
      "@esbuild/linux-ppc64" "0.19.1"
      "@esbuild/linux-riscv64" "0.19.1"
      "@esbuild/linux-s390x" "0.19.1"
      "@esbuild/linux-x64" "0.19.1"
      "@esbuild/netbsd-x64" "0.19.1"
      "@esbuild/openbsd-x64" "0.19.1"
      "@esbuild/sunos-x64" "0.19.1"
      "@esbuild/win32-arm64" "0.19.1"
      "@esbuild/win32-ia32" "0.19.1"
      "@esbuild/win32-x64" "0.19.1"
  
  escalade@^3.1.1:
    version "3.1.1"
    resolved "https://registry.npmjs.org/escalade/-/escalade-3.1.1.tgz"
    integrity sha512-k0er2gUkLf8O0zKJiAhmkTnJlTvINGv7ygDNPbeIsX/TJjGJZHuh9B2UxbsaEkmlEo9MfhrSzmhIlhRlI2GXnw==
  
  escape-string-regexp@^4.0.0:
    version "4.0.0"
    resolved "https://registry.npmjs.org/escape-string-regexp/-/escape-string-regexp-4.0.0.tgz"
    integrity sha512-TtpcNJ3XAzx3Gq8sWRzJaVajRs0uVxA2YAkdb1jm2YkPz4G6egUFAyA3n5vtEIZefPk5Wa4UXbKuS5fKkJWdgA==
  
  fast-deep-equal@^3.1.3:
    version "3.1.3"
    resolved "https://registry.npmjs.org/fast-deep-equal/-/fast-deep-equal-3.1.3.tgz"
    integrity sha512-f3qQ9oQy9j2AhBe/H9VC91wLmKBCCU/gDOnKNAYG5hswO7BLKj09Hc5HYNz9cGI++xlpDCIgDaitVs03ATR84Q==
  
  fast-glob@^3.2.12:
    version "3.3.1"
    resolved "https://registry.npmjs.org/fast-glob/-/fast-glob-3.3.1.tgz"
    integrity sha512-kNFPyjhh5cKjrUltxs+wFx+ZkbRaxxmZ+X0ZU31SOsxCEtP9VPgtq2teZw1DebupL5GmDaNQ6yKMMVcM41iqDg==
    dependencies:
      "@nodelib/fs.stat" "^2.0.2"
      "@nodelib/fs.walk" "^1.2.3"
      glob-parent "^5.1.2"
      merge2 "^1.3.0"
      micromatch "^4.0.4"
  
  fastq@^1.6.0:
    version "1.15.0"
    resolved "https://registry.npmjs.org/fastq/-/fastq-1.15.0.tgz"
    integrity sha512-wBrocU2LCXXa+lWBt8RoIRD89Fi8OdABODa/kEnyeyjS5aZO5/GNvI5sEINADqP/h8M29UHTHUb53sUu5Ihqdw==
    dependencies:
      reusify "^1.0.4"
  
  fill-range@^7.0.1:
    version "7.0.1"
    resolved "https://registry.npmjs.org/fill-range/-/fill-range-7.0.1.tgz"
    integrity sha512-qOo9F+dMUmC2Lcb4BbVvnKJxTPjCm+RRpe4gDuGrzkL7mEVl/djYSu2OdQ2Pa302N4oqkSg9ir6jaLWJ2USVpQ==
    dependencies:
      to-regex-range "^5.0.1"
  
  fraction.js@^4.2.0:
    version "4.2.0"
    resolved "https://registry.npmjs.org/fraction.js/-/fraction.js-4.2.0.tgz"
    integrity sha512-MhLuK+2gUcnZe8ZHlaaINnQLl0xRIGRfcGk2yl8xoQAfHrSsL3rYu6FCmBdkdbhc9EPlwyGHewaRsvwRMJtAlA==
  
  fs.realpath@^1.0.0:
    version "1.0.0"
    resolved "https://registry.npmjs.org/fs.realpath/-/fs.realpath-1.0.0.tgz"
    integrity sha512-OO0pH2lK6a0hZnAdau5ItzHPI6pUlvI7jMVnxUQRtw4owF2wk8lOSabtGDCTP4Ggrg2MbGnWO9X8K1t4+fGMDw==
  
  fsevents@~2.3.2:
    version "2.3.2"
    resolved "https://registry.npmjs.org/fsevents/-/fsevents-2.3.2.tgz"
    integrity sha512-xiqMQR4xAeHTuB9uWm+fFRcIOgKBMiOBP+eXiyT7jsgVCq1bkVygt00oASowB7EdtpOHaaPgKt812P9ab+DDKA==
  
  function-bind@^1.1.1:
    version "1.1.1"
    resolved "https://registry.npmjs.org/function-bind/-/function-bind-1.1.1.tgz"
    integrity sha512-yIovAzMX49sF8Yl58fSCWJ5svSLuaibPxXQJFLmBObTuCr0Mf1KiPopGM9NiFjiYBCbfaa2Fh6breQ6ANVTI0A==
  
  glob-parent@^5.1.2, glob-parent@~5.1.2:
    version "5.1.2"
    resolved "https://registry.npmjs.org/glob-parent/-/glob-parent-5.1.2.tgz"
    integrity sha512-AOIgSQCepiJYwP3ARnGx+5VnTu2HBYdzbGP45eLw1vr3zB3vZLeyed1sC9hnbcOc9/SrMyM5RPQrkGz4aS9Zow==
    dependencies:
      is-glob "^4.0.1"
  
  glob-parent@^6.0.2:
    version "6.0.2"
    resolved "https://registry.npmjs.org/glob-parent/-/glob-parent-6.0.2.tgz"
    integrity sha512-XxwI8EOhVQgWp6iDL+3b0r86f4d6AX6zSU55HfB4ydCEuXLXc5FcYeOu+nnGftS4TEju/11rt4KJPTMgbfmv4A==
    dependencies:
      is-glob "^4.0.3"
  
  glob@7.1.6:
    version "7.1.6"
    resolved "https://registry.npmjs.org/glob/-/glob-7.1.6.tgz"
    integrity sha512-LwaxwyZ72Lk7vZINtNNrywX0ZuLyStrdDtabefZKAY5ZGJhVtgdznluResxNmPitE0SAO+O26sWTHeKSI2wMBA==
    dependencies:
      fs.realpath "^1.0.0"
      inflight "^1.0.4"
      inherits "2"
      minimatch "^3.0.4"
      once "^1.3.0"
      path-is-absolute "^1.0.0"
  
  has@^1.0.3:
    version "1.0.3"
    resolved "https://registry.npmjs.org/has/-/has-1.0.3.tgz"
    integrity sha512-f2dvO0VU6Oej7RkWJGrehjbzMAjFp5/VKPp5tTpWIV4JHHZK1/BxbFRtf/siA2SWTe09caDmVtYYzWEIbBS4zw==
    dependencies:
      function-bind "^1.1.1"
  
  inflight@^1.0.4:
    version "1.0.6"
    resolved "https://registry.npmjs.org/inflight/-/inflight-1.0.6.tgz"
    integrity sha512-k92I/b08q4wvFscXCLvqfsHCrjrF7yiXsQuIVvVE7N82W3+aqpzuUdBbfhWcy/FZR3/4IgflMgKLOsvPDrGCJA==
    dependencies:
      once "^1.3.0"
      wrappy "1"
  
  inherits@2:
    version "2.0.4"
    resolved "https://registry.npmjs.org/inherits/-/inherits-2.0.4.tgz"
    integrity sha512-k/vGaX4/Yla3WzyMCvTQOXYeIHvqOKtnqBduzTHpzpQZzAskKMhZ2K+EnBiSM9zGSoIFeMpXKxa4dYeZIQqewQ==
  
  is-binary-path@~2.1.0:
    version "2.1.0"
    resolved "https://registry.npmjs.org/is-binary-path/-/is-binary-path-2.1.0.tgz"
    integrity sha512-ZMERYes6pDydyuGidse7OsHxtbI7WVeUEozgR/g7rd0xUimYNlvZRE/K2MgZTjWy725IfelLeVcEM97mmtRGXw==
    dependencies:
      binary-extensions "^2.0.0"
  
  is-core-module@^2.13.0:
    version "2.13.0"
    resolved "https://registry.npmjs.org/is-core-module/-/is-core-module-2.13.0.tgz"
    integrity sha512-Z7dk6Qo8pOCp3l4tsX2C5ZVas4V+UxwQodwZhLopL91TX8UyyHEXafPcyoeeWuLrwzHcr3igO78wNLwHJHsMCQ==
    dependencies:
      has "^1.0.3"
  
  is-extendable@^1.0.0:
    version "1.0.1"
    resolved "https://registry.npmjs.org/is-extendable/-/is-extendable-1.0.1.tgz"
    integrity sha512-arnXMxT1hhoKo9k1LZdmlNyJdDDfy2v0fXjFlmok4+i8ul/6WlbVge9bhM74OpNPQPMGUToDtz+KXa1PneJxOA==
    dependencies:
      is-plain-object "^2.0.4"
  
  is-extglob@^2.1.1:
    version "2.1.1"
    resolved "https://registry.npmjs.org/is-extglob/-/is-extglob-2.1.1.tgz"
    integrity sha512-SbKbANkN603Vi4jEZv49LeVJMn4yGwsbzZworEoyEiutsN3nJYdbO36zfhGJ6QEDpOZIFkDtnq5JRxmvl3jsoQ==
  
  is-glob@^4.0.1, is-glob@^4.0.3, is-glob@~4.0.1:
    version "4.0.3"
    resolved "https://registry.npmjs.org/is-glob/-/is-glob-4.0.3.tgz"
    integrity sha512-xelSayHH36ZgE7ZWhli7pW34hNbNl8Ojv5KVmkJD4hBdD3th8Tfk9vYasLM+mXWOZhFkgZfxhLSnrwRr4elSSg==
    dependencies:
      is-extglob "^2.1.1"
  
  is-number@^7.0.0:
    version "7.0.0"
    resolved "https://registry.npmjs.org/is-number/-/is-number-7.0.0.tgz"
    integrity sha512-41Cifkg6e8TylSpdtTpeLVMqvSBEVzTttHvERD741+pnZ8ANv0004MRL43QKPDlK9cGvNp6NZWZUBlbGXYxxng==
  
  is-plain-object@^2.0.4:
    version "2.0.4"
    resolved "https://registry.npmjs.org/is-plain-object/-/is-plain-object-2.0.4.tgz"
    integrity sha512-h5PpgXkWitc38BBMYawTYMWJHFZJVnBquFE57xFpjB8pJFiF6gZ+bU+WyI/yqXiFR5mdLsgYNaPe8uao6Uv9Og==
    dependencies:
      isobject "^3.0.1"
  
  isobject@^3.0.1:
    version "3.0.1"
    resolved "https://registry.npmjs.org/isobject/-/isobject-3.0.1.tgz"
    integrity sha512-WhB9zCku7EGTj/HQQRz5aUQEUeoQZH2bWcltRErOpymJ4boYE6wL9Tbr23krRPSZ+C5zqNSrSw+Cc7sZZ4b7vg==
  
  jiti@^1.18.2:
    version "1.19.1"
    resolved "https://registry.npmjs.org/jiti/-/jiti-1.19.1.tgz"
    integrity sha512-oVhqoRDaBXf7sjkll95LHVS6Myyyb1zaunVwk4Z0+WPSW4gjS0pl01zYKHScTuyEhQsFxV5L4DR5r+YqSyqyyg==
  
  lilconfig@^2.0.5, lilconfig@^2.1.0:
    version "2.1.0"
    resolved "https://registry.npmjs.org/lilconfig/-/lilconfig-2.1.0.tgz"
    integrity sha512-utWOt/GHzuUxnLKxB6dk81RoOeoNeHgbrXiuGk4yyF5qlRz+iIVWu56E2fqGHFrXz0QNUhLB/8nKqvRH66JKGQ==
  
  lines-and-columns@^1.1.6:
    version "1.2.4"
    resolved "https://registry.npmjs.org/lines-and-columns/-/lines-and-columns-1.2.4.tgz"
    integrity sha512-7ylylesZQ/PV29jhEDl3Ufjo6ZX7gCqJr5F7PKrqc93v7fzSymt1BpwEU8nAUXs8qzzvqhbjhK5QZg6Mt/HkBg==
  
  linkify-it@^4.0.1:
    version "4.0.1"
    resolved "https://registry.npmjs.org/linkify-it/-/linkify-it-4.0.1.tgz"
    integrity sha512-C7bfi1UZmoj8+PQx22XyeXCuBlokoyWQL5pWSP+EI6nzRylyThouddufc2c1NDIcP9k5agmN9fLpA7VNJfIiqw==
    dependencies:
      uc.micro "^1.0.1"
  
  lodash.castarray@^4.4.0:
    version "4.4.0"
    resolved "https://registry.npmjs.org/lodash.castarray/-/lodash.castarray-4.4.0.tgz"
    integrity sha512-aVx8ztPv7/2ULbArGJ2Y42bG1mEQ5mGjpdvrbJcJFU3TbYybe+QlLS4pst9zV52ymy2in1KpFPiZnAOATxD4+Q==
  
  lodash.isplainobject@^4.0.6:
    version "4.0.6"
    resolved "https://registry.npmjs.org/lodash.isplainobject/-/lodash.isplainobject-4.0.6.tgz"
    integrity sha512-oSXzaWypCMHkPC3NvBEaPHf0KsA5mvPrOPgQWDsbg8n7orZ290M0BmC/jgRZ4vcJ6DTAhjrsSYgdsW/F+MFOBA==
  
  lodash.merge@^4.6.2:
    version "4.6.2"
    resolved "https://registry.npmjs.org/lodash.merge/-/lodash.merge-4.6.2.tgz"
    integrity sha512-0KpjqXRVvrYyCsX1swR/XTK0va6VQkQM6MNo7PqW77ByjAhoARA8EfrP1N4+KlKj8YS0ZUCtRT/YUuhyYDujIQ==
  
  make-error@^1.3.6:
    version "1.3.6"
    resolved "https://registry.npmjs.org/make-error/-/make-error-1.3.6.tgz"
    integrity sha512-s8UhlNe7vPKomQhC1qFelMokr/Sc3AgNbso3n74mVPA5LTZwkB9NlXf4XPamLxJE8h0gh73rM94xvwRT2CVInw==
  
  markdown-it@^13.0.1:
    version "13.0.2"
    resolved "https://registry.npmjs.org/markdown-it/-/markdown-it-13.0.2.tgz"
    integrity sha512-FtwnEuuK+2yVU7goGn/MJ0WBZMM9ZPgU9spqlFs7/A/pDIUNSOQZhUgOqYCficIuR2QaFnrt8LHqBWsbTAoI5w==
    dependencies:
      argparse "^2.0.1"
      entities "~3.0.1"
      linkify-it "^4.0.1"
      mdurl "^1.0.1"
      uc.micro "^1.0.5"
  
  mdurl@^1.0.1:
    version "1.0.1"
    resolved "https://registry.npmjs.org/mdurl/-/mdurl-1.0.1.tgz"
    integrity sha512-/sKlQJCBYVY9Ers9hqzKou4H6V5UWc/M59TH2dvkt+84itfnq7uFOMLpOiOS4ujvHP4etln18fmIxA5R5fll0g==
  
  merge2@^1.3.0:
    version "1.4.1"
    resolved "https://registry.npmjs.org/merge2/-/merge2-1.4.1.tgz"
    integrity sha512-8q7VEgMJW4J8tcfVPy8g09NcQwZdbwFEqhe/WZkoIzjn/3TGDwtOCYtXGxA3O8tPzpczCCDgv+P2P5y00ZJOOg==
  
  micromatch@^4.0.4, micromatch@^4.0.5:
    version "4.0.5"
    resolved "https://registry.npmjs.org/micromatch/-/micromatch-4.0.5.tgz"
    integrity sha512-DMy+ERcEW2q8Z2Po+WNXuw3c5YaUSFjAO5GsJqfEl7UjvtIuFKO6ZrKvcItdy98dwFI2N1tg3zNIdKaQT+aNdA==
    dependencies:
      braces "^3.0.2"
      picomatch "^2.3.1"
  
  mini-svg-data-uri@^1.2.3:
    version "1.4.4"
    resolved "https://registry.npmjs.org/mini-svg-data-uri/-/mini-svg-data-uri-1.4.4.tgz"
    integrity sha512-r9deDe9p5FJUPZAk3A59wGH7Ii9YrjjWw0jmw/liSbHl2CHiyXj6FcDXDu2K3TjVAXqiJdaw3xxwlZZr9E6nHg==
  
  minimatch@^3.0.4:
    version "3.1.2"
    resolved "https://registry.npmjs.org/minimatch/-/minimatch-3.1.2.tgz"
    integrity sha512-J7p63hRiAjw1NDEww1W7i37+ByIrOWO5XQQAzZ3VOcL0PNybwpfmV/N05zFAzwQ9USyEcX6t3UO+K5aqBQOIHw==
    dependencies:
      brace-expansion "^1.1.7"
  
  mz@^2.7.0:
    version "2.7.0"
    resolved "https://registry.npmjs.org/mz/-/mz-2.7.0.tgz"
    integrity sha512-z81GNO7nnYMEhrGh9LeymoE4+Yr0Wn5McHIZMK5cfQCl+NDX08sCZgUc9/6MHni9IWuFLm1Z3HTCXu2z9fN62Q==
    dependencies:
      any-promise "^1.0.0"
      object-assign "^4.0.1"
      thenify-all "^1.0.0"
  
  nanoid@^3.3.6:
    version "3.3.6"
    resolved "https://registry.npmjs.org/nanoid/-/nanoid-3.3.6.tgz"
    integrity sha512-BGcqMMJuToF7i1rt+2PWSNVnWIkGCU78jBG3RxO/bZlnZPK2Cmi2QaffxGO/2RvWi9sL+FAiRiXMgsyxQ1DIDA==
  
  node-releases@^2.0.13:
    version "2.0.13"
    resolved "https://registry.npmjs.org/node-releases/-/node-releases-2.0.13.tgz"
    integrity sha512-uYr7J37ae/ORWdZeQ1xxMJe3NtdmqMC/JZK+geofDrkLUApKRHPd18/TxtBOJ4A0/+uUIliorNrfYV6s1b02eQ==
  
  normalize-path@^3.0.0, normalize-path@~3.0.0:
    version "3.0.0"
    resolved "https://registry.npmjs.org/normalize-path/-/normalize-path-3.0.0.tgz"
    integrity sha512-6eZs5Ls3WtCisHWp9S2GUy8dqkpGi4BVSz3GaqiE6ezub0512ESztXUwUB6C6IKbQkY2Pnb/mD4WYojCRwcwLA==
  
  normalize-range@^0.1.2:
    version "0.1.2"
    resolved "https://registry.npmjs.org/normalize-range/-/normalize-range-0.1.2.tgz"
    integrity sha512-bdok/XvKII3nUpklnV6P2hxtMNrCboOjAcyBuQnWEhO665FwrSNRxU+AqpsyvO6LgGYPspN+lu5CLtw4jPRKNA==
  
  object-assign@^4.0.1:
    version "4.1.1"
    resolved "https://registry.npmjs.org/object-assign/-/object-assign-4.1.1.tgz"
    integrity sha512-rJgTQnkUnH1sFw8yT6VSU3zD3sWmu6sZhIseY8VX+GRu3P6F7Fu+JNDoXfklElbLJSnc3FUQHVe4cU5hj+BcUg==
  
  object-hash@^3.0.0:
    version "3.0.0"
    resolved "https://registry.npmjs.org/object-hash/-/object-hash-3.0.0.tgz"
    integrity sha512-RSn9F68PjH9HqtltsSnqYC1XXoWe9Bju5+213R98cNGttag9q9yAOTzdbsqvIa7aNm5WffBZFpWYr2aWrklWAw==
  
  object.omit@^3.0.0:
    version "3.0.0"
    resolved "https://registry.npmjs.org/object.omit/-/object.omit-3.0.0.tgz"
    integrity sha512-EO+BCv6LJfu+gBIF3ggLicFebFLN5zqzz/WWJlMFfkMyGth+oBkhxzDl0wx2W4GkLzuQs/FsSkXZb2IMWQqmBQ==
    dependencies:
      is-extendable "^1.0.0"
  
  object.pick@^1.3.0:
    version "1.3.0"
    resolved "https://registry.npmjs.org/object.pick/-/object.pick-1.3.0.tgz"
    integrity sha512-tqa/UMy/CCoYmj+H5qc07qvSL9dqcs/WZENZ1JbtWBlATP+iVOe778gE6MSijnyCnORzDuX6hU+LA4SZ09YjFQ==
    dependencies:
      isobject "^3.0.1"
  
  once@^1.3.0:
    version "1.4.0"
    resolved "https://registry.npmjs.org/once/-/once-1.4.0.tgz"
    integrity sha512-lNaJgI+2Q5URQBkccEKHTQOPaXdUxnZZElQTZY0MFUAuaEqe1E+Nyvgdz/aIyNi6Z9MzO5dv1H8n58/GELp3+w==
    dependencies:
      wrappy "1"
  
  orderedmap@^2.0.0:
    version "2.1.1"
    resolved "https://registry.npmjs.org/orderedmap/-/orderedmap-2.1.1.tgz"
    integrity sha512-TvAWxi0nDe1j/rtMcWcIj94+Ffe6n7zhow33h40SKxmsmozs6dz/e+EajymfoFcHd7sxNn8yHM8839uixMOV6g==
  
  path-is-absolute@^1.0.0:
    version "1.0.1"
    resolved "https://registry.npmjs.org/path-is-absolute/-/path-is-absolute-1.0.1.tgz"
    integrity sha512-AVbw3UJ2e9bq64vSaS9Am0fje1Pa8pbGqTTsmXfaIiMpnr5DlDhfJOuLj9Sf95ZPVDAUerDfEk88MPmPe7UCQg==
  
  path-parse@^1.0.7:
    version "1.0.7"
    resolved "https://registry.npmjs.org/path-parse/-/path-parse-1.0.7.tgz"
    integrity sha512-LDJzPVEEEPR+y48z93A0Ed0yXb8pAByGWo/k5YYdYgpY2/2EsOsksJrq7lOHxryrVOn1ejG6oAp8ahvOIQD8sw==
  
  picocolors@^1.0.0:
    version "1.0.0"
    resolved "https://registry.npmjs.org/picocolors/-/picocolors-1.0.0.tgz"
    integrity sha512-1fygroTLlHu66zi26VoTDv8yRgm0Fccecssto+MhsZ0D/DGW2sm8E8AjW7NU5VVTRt5GxbeZ5qBuJr+HyLYkjQ==
  
  picomatch@^2.0.4, picomatch@^2.2.1, picomatch@^2.3.1:
    version "2.3.1"
    resolved "https://registry.npmjs.org/picomatch/-/picomatch-2.3.1.tgz"
    integrity sha512-JU3teHTNjmE2VCGFzuY8EXzCDVwEqB2a8fsIvwaStHhAWJEeVd1o1QD80CU6+ZdEXXSLbSsuLwJjkCBWqRQUVA==
  
  pify@^2.3.0:
    version "2.3.0"
    resolved "https://registry.npmjs.org/pify/-/pify-2.3.0.tgz"
    integrity sha512-udgsAY+fTnvv7kI7aaxbqwWNb0AHiB0qBO89PZKPkoTmGOgdbrHDKD+0B2X4uTfJ/FT1R09r9gTsjUjNJotuog==
  
  pirates@^4.0.1:
    version "4.0.6"
    resolved "https://registry.npmjs.org/pirates/-/pirates-4.0.6.tgz"
    integrity sha512-saLsH7WeYYPiD25LDuLRRY/i+6HaPYr6G1OUlN39otzkSTxKnubR9RTxS3/Kk50s1g2JTgFwWQDQyplC5/SHZg==
  
  postcss-import@^15.1.0:
    version "15.1.0"
    resolved "https://registry.npmjs.org/postcss-import/-/postcss-import-15.1.0.tgz"
    integrity sha512-hpr+J05B2FVYUAXHeK1YyI267J/dDDhMU6B6civm8hSY1jYJnBXxzKDKDswzJmtLHryrjhnDjqqp/49t8FALew==
    dependencies:
      postcss-value-parser "^4.0.0"
      read-cache "^1.0.0"
      resolve "^1.1.7"
  
  postcss-js@^4.0.1:
    version "4.0.1"
    resolved "https://registry.npmjs.org/postcss-js/-/postcss-js-4.0.1.tgz"
    integrity sha512-dDLF8pEO191hJMtlHFPRa8xsizHaM82MLfNkUHdUtVEV3tgTp5oj+8qbEqYM57SLfc74KSbw//4SeJma2LRVIw==
    dependencies:
      camelcase-css "^2.0.1"
  
  postcss-load-config@^4.0.1:
    version "4.0.1"
    resolved "https://registry.npmjs.org/postcss-load-config/-/postcss-load-config-4.0.1.tgz"
    integrity sha512-vEJIc8RdiBRu3oRAI0ymerOn+7rPuMvRXslTvZUKZonDHFIczxztIyJ1urxM1x9JXEikvpWWTUUqal5j/8QgvA==
    dependencies:
      lilconfig "^2.0.5"
      yaml "^2.1.1"
  
  postcss-nested@^6.0.1:
    version "6.0.1"
    resolved "https://registry.npmjs.org/postcss-nested/-/postcss-nested-6.0.1.tgz"
    integrity sha512-mEp4xPMi5bSWiMbsgoPfcP74lsWLHkQbZc3sY+jWYd65CUwXrUaTp0fmNpa01ZcETKlIgUdFN/MpS2xZtqL9dQ==
    dependencies:
      postcss-selector-parser "^6.0.11"
  
  postcss-selector-parser@6.0.10:
    version "6.0.10"
    resolved "https://registry.npmjs.org/postcss-selector-parser/-/postcss-selector-parser-6.0.10.tgz"
    integrity sha512-IQ7TZdoaqbT+LCpShg46jnZVlhWD2w6iQYAcYXfHARZ7X1t/UGhhceQDs5X0cGqKvYlHNOuv7Oa1xmb0oQuA3w==
    dependencies:
      cssesc "^3.0.0"
      util-deprecate "^1.0.2"
  
  postcss-selector-parser@^6.0.11:
    version "6.0.13"
    resolved "https://registry.npmjs.org/postcss-selector-parser/-/postcss-selector-parser-6.0.13.tgz"
    integrity sha512-EaV1Gl4mUEV4ddhDnv/xtj7sxwrwxdetHdWUGnT4VJQf+4d05v6lHYZr8N573k5Z0BViss7BDhfWtKS3+sfAqQ==
    dependencies:
      cssesc "^3.0.0"
      util-deprecate "^1.0.2"
  
  postcss-value-parser@^4.0.0, postcss-value-parser@^4.2.0:
    version "4.2.0"
    resolved "https://registry.npmjs.org/postcss-value-parser/-/postcss-value-parser-4.2.0.tgz"
    integrity sha512-1NNCs6uurfkVbeXG4S8JFT9t19m45ICnif8zWLd5oPSZ50QnwMfK+H3jv408d4jw/7Bttv5axS5IiHoLaVNHeQ==
  
  postcss@^8.4.23, postcss@^8.4.27:
    version "8.4.27"
    resolved "https://registry.npmjs.org/postcss/-/postcss-8.4.27.tgz"
    integrity sha512-gY/ACJtJPSmUFPDCHtX78+01fHa64FaU4zaaWfuh1MhGJISufJAH4cun6k/8fwsHYeK4UQmENQK+tRLCFJE8JQ==
    dependencies:
      nanoid "^3.3.6"
      picocolors "^1.0.0"
      source-map-js "^1.0.2"
  
  prosemirror-changeset@^2.2.0:
    version "2.2.1"
    resolved "https://registry.npmjs.org/prosemirror-changeset/-/prosemirror-changeset-2.2.1.tgz"
    integrity sha512-J7msc6wbxB4ekDFj+n9gTW/jav/p53kdlivvuppHsrZXCaQdVgRghoZbSS3kwrRyAstRVQ4/+u5k7YfLgkkQvQ==
    dependencies:
      prosemirror-transform "^1.0.0"
  
  prosemirror-collab@^1.3.0:
    version "1.3.1"
    resolved "https://registry.npmjs.org/prosemirror-collab/-/prosemirror-collab-1.3.1.tgz"
    integrity sha512-4SnynYR9TTYaQVXd/ieUvsVV4PDMBzrq2xPUWutHivDuOshZXqQ5rGbZM84HEaXKbLdItse7weMGOUdDVcLKEQ==
    dependencies:
      prosemirror-state "^1.0.0"
  
  prosemirror-commands@^1.0.0, prosemirror-commands@^1.3.1:
    version "1.5.2"
    resolved "https://registry.npmjs.org/prosemirror-commands/-/prosemirror-commands-1.5.2.tgz"
    integrity sha512-hgLcPaakxH8tu6YvVAaILV2tXYsW3rAdDR8WNkeKGcgeMVQg3/TMhPdVoh7iAmfgVjZGtcOSjKiQaoeKjzd2mQ==
    dependencies:
      prosemirror-model "^1.0.0"
      prosemirror-state "^1.0.0"
      prosemirror-transform "^1.0.0"
  
  prosemirror-dropcursor@^1.5.0:
    version "1.8.1"
    resolved "https://registry.npmjs.org/prosemirror-dropcursor/-/prosemirror-dropcursor-1.8.1.tgz"
    integrity sha512-M30WJdJZLyXHi3N8vxN6Zh5O8ZBbQCz0gURTfPmTIBNQ5pxrdU7A58QkNqfa98YEjSAL1HUyyU34f6Pm5xBSGw==
    dependencies:
      prosemirror-state "^1.0.0"
      prosemirror-transform "^1.1.0"
      prosemirror-view "^1.1.0"
  
  prosemirror-gapcursor@^1.3.1:
    version "1.3.2"
    resolved "https://registry.npmjs.org/prosemirror-gapcursor/-/prosemirror-gapcursor-1.3.2.tgz"
    integrity sha512-wtjswVBd2vaQRrnYZaBCbyDqr232Ed4p2QPtRIUK5FuqHYKGWkEwl08oQM4Tw7DOR0FsasARV5uJFvMZWxdNxQ==
    dependencies:
      prosemirror-keymap "^1.0.0"
      prosemirror-model "^1.0.0"
      prosemirror-state "^1.0.0"
      prosemirror-view "^1.0.0"
  
  prosemirror-history@^1.0.0, prosemirror-history@^1.3.0:
    version "1.3.2"
    resolved "https://registry.npmjs.org/prosemirror-history/-/prosemirror-history-1.3.2.tgz"
    integrity sha512-/zm0XoU/N/+u7i5zepjmZAEnpvjDtzoPWW6VmKptcAnPadN/SStsBjMImdCEbb3seiNTpveziPTIrXQbHLtU1g==
    dependencies:
      prosemirror-state "^1.2.2"
      prosemirror-transform "^1.0.0"
      prosemirror-view "^1.31.0"
      rope-sequence "^1.3.0"
  
  prosemirror-inputrules@^1.2.0:
    version "1.2.1"
    resolved "https://registry.npmjs.org/prosemirror-inputrules/-/prosemirror-inputrules-1.2.1.tgz"
    integrity sha512-3LrWJX1+ULRh5SZvbIQlwZafOXqp1XuV21MGBu/i5xsztd+9VD15x6OtN6mdqSFI7/8Y77gYUbQ6vwwJ4mr6QQ==
    dependencies:
      prosemirror-state "^1.0.0"
      prosemirror-transform "^1.0.0"
  
  prosemirror-keymap@^1.0.0, prosemirror-keymap@^1.1.2, prosemirror-keymap@^1.2.0:
    version "1.2.2"
    resolved "https://registry.npmjs.org/prosemirror-keymap/-/prosemirror-keymap-1.2.2.tgz"
    integrity sha512-EAlXoksqC6Vbocqc0GtzCruZEzYgrn+iiGnNjsJsH4mrnIGex4qbLdWWNza3AW5W36ZRrlBID0eM6bdKH4OStQ==
    dependencies:
      prosemirror-state "^1.0.0"
      w3c-keyname "^2.2.0"
  
  prosemirror-markdown@^1.10.1:
    version "1.11.2"
    resolved "https://registry.npmjs.org/prosemirror-markdown/-/prosemirror-markdown-1.11.2.tgz"
    integrity sha512-Eu5g4WPiCdqDTGhdSsG9N6ZjACQRYrsAkrF9KYfdMaCmjIApH75aVncsWYOJvEk2i1B3i8jZppv3J/tnuHGiUQ==
    dependencies:
      markdown-it "^13.0.1"
      prosemirror-model "^1.0.0"
  
  prosemirror-menu@^1.2.1:
    version "1.2.4"
    resolved "https://registry.npmjs.org/prosemirror-menu/-/prosemirror-menu-1.2.4.tgz"
    integrity sha512-S/bXlc0ODQup6aiBbWVsX/eM+xJgCTAfMq/nLqaO5ID/am4wS0tTCIkzwytmao7ypEtjj39i7YbJjAgO20mIqA==
    dependencies:
      crelt "^1.0.0"
      prosemirror-commands "^1.0.0"
      prosemirror-history "^1.0.0"
      prosemirror-state "^1.0.0"
  
  prosemirror-model@^1.0.0, prosemirror-model@^1.16.0, prosemirror-model@^1.18.1, prosemirror-model@^1.19.0, prosemirror-model@^1.8.1:
    version "1.19.3"
    resolved "https://registry.npmjs.org/prosemirror-model/-/prosemirror-model-1.19.3.tgz"
    integrity sha512-tgSnwN7BS7/UM0sSARcW+IQryx2vODKX4MI7xpqY2X+iaepJdKBPc7I4aACIsDV/LTaTjt12Z56MhDr9LsyuZQ==
    dependencies:
      orderedmap "^2.0.0"
  
  prosemirror-schema-basic@^1.2.0:
    version "1.2.2"
    resolved "https://registry.npmjs.org/prosemirror-schema-basic/-/prosemirror-schema-basic-1.2.2.tgz"
    integrity sha512-/dT4JFEGyO7QnNTe9UaKUhjDXbTNkiWTq/N4VpKaF79bBjSExVV2NXmJpcM7z/gD7mbqNjxbmWW5nf1iNSSGnw==
    dependencies:
      prosemirror-model "^1.19.0"
  
  prosemirror-schema-list@^1.2.2:
    version "1.3.0"
    resolved "https://registry.npmjs.org/prosemirror-schema-list/-/prosemirror-schema-list-1.3.0.tgz"
    integrity sha512-Hz/7gM4skaaYfRPNgr421CU4GSwotmEwBVvJh5ltGiffUJwm7C8GfN/Bc6DR1EKEp5pDKhODmdXXyi9uIsZl5A==
    dependencies:
      prosemirror-model "^1.0.0"
      prosemirror-state "^1.0.0"
      prosemirror-transform "^1.7.3"
  
  prosemirror-state@^1.0.0, prosemirror-state@^1.2.2, prosemirror-state@^1.3.1, prosemirror-state@^1.4.1:
    version "1.4.3"
    resolved "https://registry.npmjs.org/prosemirror-state/-/prosemirror-state-1.4.3.tgz"
    integrity sha512-goFKORVbvPuAQaXhpbemJFRKJ2aixr+AZMGiquiqKxaucC6hlpHNZHWgz5R7dS4roHiwq9vDctE//CZ++o0W1Q==
    dependencies:
      prosemirror-model "^1.0.0"
      prosemirror-transform "^1.0.0"
      prosemirror-view "^1.27.0"
  
  prosemirror-tables@^1.3.0:
    version "1.3.4"
    resolved "https://registry.npmjs.org/prosemirror-tables/-/prosemirror-tables-1.3.4.tgz"
    integrity sha512-z6uLSQ1BLC3rgbGwZmpfb+xkdvD7W/UOsURDfognZFYaTtc0gsk7u/t71Yijp2eLflVpffMk6X0u0+u+MMDvIw==
    dependencies:
      prosemirror-keymap "^1.1.2"
      prosemirror-model "^1.8.1"
      prosemirror-state "^1.3.1"
      prosemirror-transform "^1.2.1"
      prosemirror-view "^1.13.3"
  
  prosemirror-trailing-node@^2.0.2:
    version "2.0.7"
    resolved "https://registry.npmjs.org/prosemirror-trailing-node/-/prosemirror-trailing-node-2.0.7.tgz"
    integrity sha512-8zcZORYj/8WEwsGo6yVCRXFMOfBo0Ub3hCUvmoWIZYfMP26WqENU0mpEP27w7mt8buZWuGrydBewr0tOArPb1Q==
    dependencies:
      "@remirror/core-constants" "^2.0.2"
      "@remirror/core-helpers" "^3.0.0"
      escape-string-regexp "^4.0.0"
  
  prosemirror-transform@^1.0.0, prosemirror-transform@^1.1.0, prosemirror-transform@^1.2.1, prosemirror-transform@^1.7.0, prosemirror-transform@^1.7.3:
    version "1.8.0"
    resolved "https://registry.npmjs.org/prosemirror-transform/-/prosemirror-transform-1.8.0.tgz"
    integrity sha512-BaSBsIMv52F1BVVMvOmp1yzD3u65uC3HTzCBQV1WDPqJRQ2LuHKcyfn0jwqodo8sR9vVzMzZyI+Dal5W9E6a9A==
    dependencies:
      prosemirror-model "^1.0.0"
  
  prosemirror-view@^1.0.0, prosemirror-view@^1.1.0, prosemirror-view@^1.13.3, prosemirror-view@^1.27.0, prosemirror-view@^1.28.2, prosemirror-view@^1.31.0:
    version "1.32.1"
    resolved "https://registry.npmjs.org/prosemirror-view/-/prosemirror-view-1.32.1.tgz"
    integrity sha512-9SnB4HBgRczzTyIMZLPE1iszegL04hNfUyS8uPtP1RPxNM2NTCiIs8KwNsJU4nbZO9rxJTwVTv7Jm3zU4CR78A==
    dependencies:
      prosemirror-model "^1.16.0"
      prosemirror-state "^1.0.0"
      prosemirror-transform "^1.1.0"
  
  queue-microtask@^1.2.2:
    version "1.2.3"
    resolved "https://registry.npmjs.org/queue-microtask/-/queue-microtask-1.2.3.tgz"
    integrity sha512-NuaNSa6flKT5JaSYQzJok04JzTL1CA6aGhv5rfLW3PgqA+M2ChpZQnAC8h8i4ZFkBS8X5RqkDBHA7r4hej3K9A==
  
  read-cache@^1.0.0:
    version "1.0.0"
    resolved "https://registry.npmjs.org/read-cache/-/read-cache-1.0.0.tgz"
    integrity sha512-Owdv/Ft7IjOgm/i0xvNDZ1LrRANRfew4b2prF3OWMQLxLfu3bS8FVhCsrSCMK4lR56Y9ya+AThoTpDCTxCmpRA==
    dependencies:
      pify "^2.3.0"
  
  readdirp@~3.6.0:
    version "3.6.0"
    resolved "https://registry.npmjs.org/readdirp/-/readdirp-3.6.0.tgz"
    integrity sha512-hOS089on8RduqdbhvQ5Z37A0ESjsqz6qnRcffsMU3495FuTdqSm+7bhJ29JvIOsBDEEnan5DPu9t3To9VRlMzA==
    dependencies:
      picomatch "^2.2.1"
  
  resolve@^1.1.7, resolve@^1.22.2:
    version "1.22.4"
    resolved "https://registry.npmjs.org/resolve/-/resolve-1.22.4.tgz"
    integrity sha512-PXNdCiPqDqeUou+w1C2eTQbNfxKSuMxqTCuvlmmMsk1NWHL5fRrhY6Pl0qEYYc6+QqGClco1Qj8XnjPego4wfg==
    dependencies:
      is-core-module "^2.13.0"
      path-parse "^1.0.7"
      supports-preserve-symlinks-flag "^1.0.0"
  
  reusify@^1.0.4:
    version "1.0.4"
    resolved "https://registry.npmjs.org/reusify/-/reusify-1.0.4.tgz"
    integrity sha512-U9nH88a3fc/ekCF1l0/UP1IosiuIjyTh7hBvXVMHYgVcfGvt897Xguj2UOLDeI5BG2m7/uwyaLVT6fbtCwTyzw==
  
  rope-sequence@^1.3.0:
    version "1.3.4"
    resolved "https://registry.npmjs.org/rope-sequence/-/rope-sequence-1.3.4.tgz"
    integrity sha512-UT5EDe2cu2E/6O4igUr5PSFs23nvvukicWHx6GnOPlHAiiYbzNuCRQCuiUdHJQcqKalLKlrYJnjY0ySGsXNQXQ==
  
  run-parallel@^1.1.9:
    version "1.2.0"
    resolved "https://registry.npmjs.org/run-parallel/-/run-parallel-1.2.0.tgz"
    integrity sha512-5l4VyZR86LZ/lDxZTR6jqL8AFE2S0IFLMP26AbjsLVADxHdhB/c0GUsH+y39UfCi3dzz8OlQuPmnaJOMoDHQBA==
    dependencies:
      queue-microtask "^1.2.2"
  
  source-map-js@^1.0.2:
    version "1.0.2"
    resolved "https://registry.npmjs.org/source-map-js/-/source-map-js-1.0.2.tgz"
    integrity sha512-R0XvVJ9WusLiqTCEiGCmICCMplcCkIwwR11mOSD9CR5u+IXYdiseeEuXCVAjS54zqwkLcPNnmU4OeJ6tUrWhDw==
  
  spark-md5@^3.0.1:
    version "3.0.2"
    resolved "https://registry.npmjs.org/spark-md5/-/spark-md5-3.0.2.tgz"
    integrity sha512-wcFzz9cDfbuqe0FZzfi2or1sgyIrsDwmPwfZC4hiNidPdPINjeUwNfv5kldczoEAcjl9Y1L3SM7Uz2PUEQzxQw==
  
  stimulus-use@^0.52.0:
    version "0.52.0"
    resolved "https://registry.npmjs.org/stimulus-use/-/stimulus-use-0.52.0.tgz"
    integrity sha512-b2Z2krSSIqKvG9ncrjMlxbX3SYg9mgL0g/1Zc25jTZjTr0//wgg7szUi9G67amBs/yLqO12GAEnudybZgYNnjA==
  
  sucrase@^3.32.0:
    version "3.34.0"
    resolved "https://registry.npmjs.org/sucrase/-/sucrase-3.34.0.tgz"
    integrity sha512-70/LQEZ07TEcxiU2dz51FKaE6hCTWC6vr7FOk3Gr0U60C3shtAN+H+BFr9XlYe5xqf3RA8nrc+VIwzCfnxuXJw==
    dependencies:
      "@jridgewell/gen-mapping" "^0.3.2"
      commander "^4.0.0"
      glob "7.1.6"
      lines-and-columns "^1.1.6"
      mz "^2.7.0"
      pirates "^4.0.1"
      ts-interface-checker "^0.1.9"
  
  supports-preserve-symlinks-flag@^1.0.0:
    version "1.0.0"
    resolved "https://registry.npmjs.org/supports-preserve-symlinks-flag/-/supports-preserve-symlinks-flag-1.0.0.tgz"
    integrity sha512-ot0WnXS9fgdkgIcePe6RHNk1WA8+muPa6cSjeR3V8K27q9BB1rTE3R1p7Hv0z1ZyAc8s6Vvv8DIyWf681MAt0w==
  
  tailwindcss@^3.3.3:
    version "3.3.3"
    resolved "https://registry.npmjs.org/tailwindcss/-/tailwindcss-3.3.3.tgz"
    integrity sha512-A0KgSkef7eE4Mf+nKJ83i75TMyq8HqY3qmFIJSWy8bNt0v1lG7jUcpGpoTFxAwYcWOphcTBLPPJg+bDfhDf52w==
    dependencies:
      "@alloc/quick-lru" "^5.2.0"
      arg "^5.0.2"
      chokidar "^3.5.3"
      didyoumean "^1.2.2"
      dlv "^1.1.3"
      fast-glob "^3.2.12"
      glob-parent "^6.0.2"
      is-glob "^4.0.3"
      jiti "^1.18.2"
      lilconfig "^2.1.0"
      micromatch "^4.0.5"
      normalize-path "^3.0.0"
      object-hash "^3.0.0"
      picocolors "^1.0.0"
      postcss "^8.4.23"
      postcss-import "^15.1.0"
      postcss-js "^4.0.1"
      postcss-load-config "^4.0.1"
      postcss-nested "^6.0.1"
      postcss-selector-parser "^6.0.11"
      resolve "^1.22.2"
      sucrase "^3.32.0"
  
  thenify-all@^1.0.0:
    version "1.6.0"
    resolved "https://registry.npmjs.org/thenify-all/-/thenify-all-1.6.0.tgz"
    integrity sha512-RNxQH/qI8/t3thXJDwcstUO4zeqo64+Uy/+sNVRBx4Xn2OX+OZ9oP+iJnNFqplFra2ZUVeKCSa2oVWi3T4uVmA==
    dependencies:
      thenify ">= 3.1.0 < 4"
  
  "thenify@>= 3.1.0 < 4":
    version "3.3.1"
    resolved "https://registry.npmjs.org/thenify/-/thenify-3.3.1.tgz"
    integrity sha512-RVZSIV5IG10Hk3enotrhvz0T9em6cyHBLkH/YAZuKqd8hRkKhSfCGIcP2KUY0EPxndzANBmNllzWPwak+bheSw==
    dependencies:
      any-promise "^1.0.0"
  
  throttle-debounce@^3.0.1:
    version "3.0.1"
    resolved "https://registry.npmjs.org/throttle-debounce/-/throttle-debounce-3.0.1.tgz"
    integrity sha512-dTEWWNu6JmeVXY0ZYoPuH5cRIwc0MeGbJwah9KUNYSJwommQpCzTySTpEe8Gs1J23aeWEuAobe4Ag7EHVt/LOg==
  
  to-regex-range@^5.0.1:
    version "5.0.1"
    resolved "https://registry.npmjs.org/to-regex-range/-/to-regex-range-5.0.1.tgz"
    integrity sha512-65P7iz6X5yEr1cwcgvQxbbIw7Uk3gOy5dIdtZ4rDveLqhrdJP+Li/Hx6tyK0NEb+2GCyneCMJiGqrADCSNk8sQ==
    dependencies:
      is-number "^7.0.0"
  
  trix@^2.0.5:
    version "2.0.5"
    resolved "https://registry.npmjs.org/trix/-/trix-2.0.5.tgz"
    integrity sha512-OiCbDf17F7JahEwhyL1MvK9DxAAT1vkaW5sn+zpwfemZAcc4RfQB4ku18/1mKP58LRwBhjcy+6TBho7ciXz52Q==
  
  ts-interface-checker@^0.1.9:
    version "0.1.13"
    resolved "https://registry.npmjs.org/ts-interface-checker/-/ts-interface-checker-0.1.13.tgz"
    integrity sha512-Y/arvbn+rrz3JCKl9C4kVNfTfSm2/mEp5FSz5EsZSANGPSlQrpRI5M4PKF+mJnE52jOO90PnPSc3Ur3bTQw0gA==
  
  turbo-darwin-64@1.10.12:
    version "1.10.12"
    resolved "https://registry.yarnpkg.com/turbo-darwin-64/-/turbo-darwin-64-1.10.12.tgz#a3d9d6bd3436e795254865bc3d76a9c79aff8085"
    integrity sha512-vmDfGVPl5/aFenAbOj3eOx3ePNcWVUyZwYr7taRl0ZBbmv2TzjRiFotO4vrKCiTVnbqjQqAFQWY2ugbqCI1kOQ==
  
  turbo-darwin-arm64@1.10.12:
    version "1.10.12"
    resolved "https://registry.npmjs.org/turbo-darwin-arm64/-/turbo-darwin-arm64-1.10.12.tgz"
    integrity sha512-3JliEESLNX2s7g54SOBqqkqJ7UhcOGkS0ywMr5SNuvF6kWVTbuUq7uBU/sVbGq8RwvK1ONlhPvJne5MUqBCTCQ==
  
  turbo-linux-64@1.10.12:
    version "1.10.12"
    resolved "https://registry.yarnpkg.com/turbo-linux-64/-/turbo-linux-64-1.10.12.tgz#d184a491cc67c07672d339e36427378d0fc6b82e"
    integrity sha512-siYhgeX0DidIfHSgCR95b8xPee9enKSOjCzx7EjTLmPqPaCiVebRYvbOIYdQWRqiaKh9yfhUtFmtMOMScUf1gg==
  
  turbo-linux-arm64@1.10.12:
    version "1.10.12"
    resolved "https://registry.yarnpkg.com/turbo-linux-arm64/-/turbo-linux-arm64-1.10.12.tgz#44e6ca10b20fd4c59f8c85acf8366c7c09ebca81"
    integrity sha512-K/ZhvD9l4SslclaMkTiIrnfcACgos79YcAo4kwc8bnMQaKuUeRpM15sxLpZp3xDjDg8EY93vsKyjaOhdFG2UbA==
  
  turbo-windows-64@1.10.12:
    version "1.10.12"
    resolved "https://registry.yarnpkg.com/turbo-windows-64/-/turbo-windows-64-1.10.12.tgz#36380eca8e7b0505d08b87a084efab1500b2a80e"
    integrity sha512-7FSgSwvktWDNOqV65l9AbZwcoueAILeE4L7JvjauNASAjjbuzXGCEq5uN8AQU3U5BOFj4TdXrVmO2dX+lLu8Zg==
  
  turbo-windows-arm64@1.10.12:
    version "1.10.12"
    resolved "https://registry.yarnpkg.com/turbo-windows-arm64/-/turbo-windows-arm64-1.10.12.tgz#757ad59b9abf1949f22280bee6e8aad253743ba5"
    integrity sha512-gCNXF52dwom1HLY9ry/cneBPOKTBHhzpqhMylcyvJP0vp9zeMQQkt6yjYv+6QdnmELC92CtKNp2FsNZo+z0pyw==
  
  turbo@^1.10.12:
    version "1.10.12"
    resolved "https://registry.npmjs.org/turbo/-/turbo-1.10.12.tgz"
    integrity sha512-WM3+jTfQWnB9W208pmP4oeehZcC6JQNlydb/ZHMRrhmQa+htGhWLCzd6Q9rLe0MwZLPpSPFV2/bN5egCLyoKjQ==
    optionalDependencies:
      turbo-darwin-64 "1.10.12"
      turbo-darwin-arm64 "1.10.12"
      turbo-linux-64 "1.10.12"
      turbo-linux-arm64 "1.10.12"
      turbo-windows-64 "1.10.12"
      turbo-windows-arm64 "1.10.12"
  
  type-fest@^2.19.0:
    version "2.19.0"
    resolved "https://registry.npmjs.org/type-fest/-/type-fest-2.19.0.tgz"
    integrity sha512-RAH822pAdBgcNMAfWnCBU3CFZcfZ/i1eZjwFU/dsLKumyuuP3niueg2UAukXYF0E2AAoc82ZSSf9J0WQBinzHA==
  
  uc.micro@^1.0.1, uc.micro@^1.0.5:
    version "1.0.6"
    resolved "https://registry.npmjs.org/uc.micro/-/uc.micro-1.0.6.tgz"
    integrity sha512-8Y75pvTYkLJW2hWQHXxoqRgV7qb9B+9vFEtidML+7koHUFapnVJAZ6cKs+Qjz5Aw3aZWHMC6u0wJE3At+nSGwA==
  
  update-browserslist-db@^1.0.11:
    version "1.0.11"
    resolved "https://registry.npmjs.org/update-browserslist-db/-/update-browserslist-db-1.0.11.tgz"
    integrity sha512-dCwEFf0/oT85M1fHBg4F0jtLwJrutGoHSQXCh7u4o2t1drG+c0a9Flnqww6XUKSfQMPpJBRjU8d4RXB09qtvaA==
    dependencies:
      escalade "^3.1.1"
      picocolors "^1.0.0"
  
  util-deprecate@^1.0.2:
    version "1.0.2"
    resolved "https://registry.npmjs.org/util-deprecate/-/util-deprecate-1.0.2.tgz"
    integrity sha512-EPD5q1uXyFxJpCrLnCc1nHnq3gOa6DZBocAIiI2TaSCA7VCJ1UJDMagCzIkXNsUYfD1daK//LTEQ8xiIbrHtcw==
  
  w3c-keyname@^2.2.0:
    version "2.2.8"
    resolved "https://registry.npmjs.org/w3c-keyname/-/w3c-keyname-2.2.8.tgz"
    integrity sha512-dpojBhNsCNN7T82Tm7k26A6G9ML3NkhDsnw9n/eoxSRlVBB4CEtIQ/KTCLI2Fwf3ataSXRhYFkQi3SlnFwPvPQ==
  
  wrappy@1:
    version "1.0.2"
    resolved "https://registry.npmjs.org/wrappy/-/wrappy-1.0.2.tgz"
    integrity sha512-l4Sp/DRseor9wL6EvV2+TuQn63dMkPjZ/sp9XkghTEbV9KlPS1xUsZ3u7/IQO4wxtcFB4bgpQPRcR3QCvezPcQ==
  
  yaml@^2.1.1:
    version "2.3.1"
    resolved "https://registry.npmjs.org/yaml/-/yaml-2.3.1.tgz"
    integrity sha512-2eHWfjaoXgTBC2jNM1LRef62VQa0umtvRiDSk6HSzW7RvS5YtkabJrwYLLEKWBc8a5U2PTSCs+dJjUTJdlHsWQ==
Q==
